Watching for file changes with StatReloader
Unauthorized: /api/v1/accounts/login/
"POST /api/v1/accounts/login/ HTTP/1.1" 401 63
Not Found: /api/v1/accounts//
"POST /api/v1/accounts// HTTP/1.1" 404 8149
Method Not Allowed: /api/v1/accounts/
"POST /api/v1/accounts/ HTTP/1.1" 405 41
Unauthorized: /api/v1/accounts/login/
"POST /api/v1/accounts/login/ HTTP/1.1" 401 63
Unauthorized: /api/v1/accounts/login/
"POST /api/v1/accounts/login/ HTTP/1.1" 401 63
Not Found: /
"GET / HTTP/1.1" 404 2950
"GET /admin/ HTTP/1.1" 200 10609
"GET /static/admin/img/icon-addlink.svg HTTP/1.1" 200 331
"GET /static/admin/img/icon-deletelink.svg HTTP/1.1" 200 392
"GET /static/admin/css/dashboard.css HTTP/1.1" 200 441
"GET /static/admin/img/icon-changelink.svg HTTP/1.1" 200 380
"GET /static/admin/css/base.css HTTP/1.1" 200 21207
"GET /static/admin/js/theme.js HTTP/1.1" 200 1943
"GET /static/admin/css/dark_mode.css HTTP/1.1" 200 2929
"GET /static/admin/css/nav_sidebar.css HTTP/1.1" 200 2694
"GET /static/admin/js/nav_sidebar.js HTTP/1.1" 200 3063
"GET /static/admin/css/responsive.css HTTP/1.1" 200 18533
"GET /admin/account/customuser/ HTTP/1.1" 200 11687
"GET /static/admin/js/core.js HTTP/1.1" 200 5682
"GET /static/admin/js/actions.js HTTP/1.1" 200 7872
"GET /static/admin/js/admin/RelatedObjectLookups.js HTTP/1.1" 200 8943
"GET /static/admin/js/jquery.init.js HTTP/1.1" 200 347
"GET /static/admin/css/changelists.css HTTP/1.1" 200 6566
"GET /static/admin/js/prepopulate.js HTTP/1.1" 200 1531
"GET /static/admin/js/filters.js HTTP/1.1" 200 978
"GET /static/admin/js/urlify.js HTTP/1.1" 200 7887
"GET /admin/jsi18n/ HTTP/1.1" 200 3343
"GET /static/admin/js/vendor/jquery/jquery.js HTTP/1.1" 200 292458
"GET /static/admin/js/vendor/xregexp/xregexp.js HTTP/1.1" 200 232381
"GET /static/admin/img/tooltag-add.svg HTTP/1.1" 200 331
"POST /api/v1/accounts/login/ HTTP/1.1" 200 483
Not Found: /api/v1/posts/3/
"GET /api/v1/posts/3/ HTTP/1.1" 404 23
Internal Server Error: /api/v1/posts/
Traceback (most recent call last):
  File "/Users/aibekworllld/Desktop/ev.28/django_projects/cloneepic/epic2/venv/lib/python3.8/site-packages/django/core/handlers/exception.py", line 55, in inner
    response = get_response(request)
  File "/Users/aibekworllld/Desktop/ev.28/django_projects/cloneepic/epic2/venv/lib/python3.8/site-packages/django/core/handlers/base.py", line 197, in _get_response
    response = wrapped_callback(request, *callback_args, **callback_kwargs)
  File "/Users/aibekworllld/Desktop/ev.28/django_projects/cloneepic/epic2/venv/lib/python3.8/site-packages/django/views/decorators/csrf.py", line 56, in wrapper_view
    return view_func(*args, **kwargs)
  File "/Users/aibekworllld/Desktop/ev.28/django_projects/cloneepic/epic2/venv/lib/python3.8/site-packages/rest_framework/viewsets.py", line 125, in view
    return self.dispatch(request, *args, **kwargs)
  File "/Users/aibekworllld/Desktop/ev.28/django_projects/cloneepic/epic2/venv/lib/python3.8/site-packages/rest_framework/views.py", line 509, in dispatch
    response = self.handle_exception(exc)
  File "/Users/aibekworllld/Desktop/ev.28/django_projects/cloneepic/epic2/venv/lib/python3.8/site-packages/rest_framework/views.py", line 469, in handle_exception
    self.raise_uncaught_exception(exc)
  File "/Users/aibekworllld/Desktop/ev.28/django_projects/cloneepic/epic2/venv/lib/python3.8/site-packages/rest_framework/views.py", line 480, in raise_uncaught_exception
    raise exc
  File "/Users/aibekworllld/Desktop/ev.28/django_projects/cloneepic/epic2/venv/lib/python3.8/site-packages/rest_framework/views.py", line 506, in dispatch
    response = handler(request, *args, **kwargs)
  File "/Users/aibekworllld/Desktop/ev.28/django_projects/cloneepic/epic2/venv/lib/python3.8/site-packages/rest_framework/mixins.py", line 43, in list
    return self.get_paginated_response(serializer.data)
  File "/Users/aibekworllld/Desktop/ev.28/django_projects/cloneepic/epic2/venv/lib/python3.8/site-packages/rest_framework/serializers.py", line 768, in data
    ret = super().data
  File "/Users/aibekworllld/Desktop/ev.28/django_projects/cloneepic/epic2/venv/lib/python3.8/site-packages/rest_framework/serializers.py", line 253, in data
    self._data = self.to_representation(self.instance)
  File "/Users/aibekworllld/Desktop/ev.28/django_projects/cloneepic/epic2/venv/lib/python3.8/site-packages/rest_framework/serializers.py", line 686, in to_representation
    return [
  File "/Users/aibekworllld/Desktop/ev.28/django_projects/cloneepic/epic2/venv/lib/python3.8/site-packages/rest_framework/serializers.py", line 687, in <listcomp>
    self.child.to_representation(item) for item in iterable
  File "/Users/aibekworllld/Desktop/ev.28/django_projects/cloneepic/epic2/venv/lib/python3.8/site-packages/rest_framework/serializers.py", line 507, in to_representation
    for field in fields:
  File "/Users/aibekworllld/Desktop/ev.28/django_projects/cloneepic/epic2/venv/lib/python3.8/site-packages/rest_framework/serializers.py", line 368, in _readable_fields
    for field in self.fields.values():
  File "/Users/aibekworllld/Desktop/ev.28/django_projects/cloneepic/epic2/venv/lib/python3.8/site-packages/django/utils/functional.py", line 57, in __get__
    res = instance.__dict__[self.name] = self.func(instance)
  File "/Users/aibekworllld/Desktop/ev.28/django_projects/cloneepic/epic2/venv/lib/python3.8/site-packages/rest_framework/serializers.py", line 356, in fields
    for key, value in self.get_fields().items():
  File "/Users/aibekworllld/Desktop/ev.28/django_projects/cloneepic/epic2/venv/lib/python3.8/site-packages/rest_framework/serializers.py", line 1076, in get_fields
    field_class, field_kwargs = self.build_field(
  File "/Users/aibekworllld/Desktop/ev.28/django_projects/cloneepic/epic2/venv/lib/python3.8/site-packages/rest_framework/serializers.py", line 1222, in build_field
    return self.build_unknown_field(field_name, model_class)
  File "/Users/aibekworllld/Desktop/ev.28/django_projects/cloneepic/epic2/venv/lib/python3.8/site-packages/rest_framework/serializers.py", line 1340, in build_unknown_field
    raise ImproperlyConfigured(
django.core.exceptions.ImproperlyConfigured: Field name `game_logo` is not valid for model `Post`.
"GET /api/v1/posts/ HTTP/1.1" 500 151016
/Users/aibekworllld/Desktop/ev.28/django_projects/cloneepic/epic2/posts/serializers.py changed, reloading.
Watching for file changes with StatReloader
Watching for file changes with StatReloader
Not Found: /
"GET / HTTP/1.1" 404 2950
Not Found: /apple-touch-icon-precomposed.png
"GET /apple-touch-icon-precomposed.png HTTP/1.1" 404 3064
Not Found: /apple-touch-icon.png
"GET /apple-touch-icon.png HTTP/1.1" 404 3028
Method Not Allowed: /api/v1/accounts/login/
"GET /api/v1/accounts/login/ HTTP/1.1" 405 40
"POST /api/v1/accounts/login/ HTTP/1.1" 200 483
Bad Request: /api/v1/posts/
"POST /api/v1/posts/ HTTP/1.1" 400 64
"GET /admin HTTP/1.1" 301 0
"GET /admin/ HTTP/1.1" 302 0
"GET /admin/login/?next=/admin/ HTTP/1.1" 200 4185
"GET /static/admin/css/base.css HTTP/1.1" 200 21207
"GET /static/admin/css/dark_mode.css HTTP/1.1" 200 2929
"GET /static/admin/css/nav_sidebar.css HTTP/1.1" 200 2694
"GET /static/admin/css/login.css HTTP/1.1" 200 958
"GET /static/admin/css/responsive.css HTTP/1.1" 200 18533
"GET /static/admin/js/theme.js HTTP/1.1" 200 1943
"GET /static/admin/js/nav_sidebar.js HTTP/1.1" 200 3063
"POST /admin/login/?next=/admin/ HTTP/1.1" 302 0
"GET /admin/ HTTP/1.1" 200 10609
"GET /static/admin/css/dashboard.css HTTP/1.1" 200 441
"GET /static/admin/img/icon-changelink.svg HTTP/1.1" 200 380
"GET /static/admin/img/icon-addlink.svg HTTP/1.1" 200 331
"GET /admin/category/category/add/ HTTP/1.1" 200 11931
"GET /static/admin/css/forms.css HTTP/1.1" 200 9047
"GET /static/admin/js/actions.js HTTP/1.1" 200 7872
"GET /static/admin/js/jquery.init.js HTTP/1.1" 200 347
"GET /static/admin/js/core.js HTTP/1.1" 200 5682
"GET /static/admin/js/admin/RelatedObjectLookups.js HTTP/1.1" 200 8943
"GET /static/admin/js/prepopulate_init.js HTTP/1.1" 200 586
"GET /static/admin/js/urlify.js HTTP/1.1" 200 7887
"GET /static/admin/js/prepopulate.js HTTP/1.1" 200 1531
"GET /static/admin/css/widgets.css HTTP/1.1" 200 11900
"GET /static/admin/js/vendor/jquery/jquery.js HTTP/1.1" 200 292458
"GET /static/admin/js/vendor/xregexp/xregexp.js HTTP/1.1" 200 232381
"GET /static/admin/js/change_form.js HTTP/1.1" 200 606
"GET /admin/jsi18n/ HTTP/1.1" 200 3343
"POST /admin/category/category/add/ HTTP/1.1" 200 12170
"GET /admin/jsi18n/ HTTP/1.1" 200 3343
"POST /admin/category/category/add/ HTTP/1.1" 200 12199
"GET /admin/jsi18n/ HTTP/1.1" 200 3343
"GET /admin/category/category/ HTTP/1.1" 200 11709
"GET /static/admin/css/changelists.css HTTP/1.1" 200 6566
"GET /static/admin/js/filters.js HTTP/1.1" 200 978
"GET /admin/jsi18n/ HTTP/1.1" 200 3343
"GET /static/admin/img/tooltag-add.svg HTTP/1.1" 200 331
"POST /api/v1/posts/ HTTP/1.1" 201 1242
